<?xml version="1.0" encoding="UTF-8"?>
<!-- Generated by org.testng.reporters.JUnitReportReporter -->
<testsuite skipped="0" hostname="san3149591" name="com.ninetex.Amazon" tests="1" failures="0" timestamp="21 May 2020 12:01:07 GMT" time="12.699" errors="0">
  <testcase name="test" time="12.699" classname="com.ninetex.Amazon"/>
</testsuite> <!-- com.ninetex.Amazon -->
