<?xml version="1.0" encoding="UTF-8"?>
<!-- Generated by org.testng.reporters.JUnitReportReporter -->
<testsuite skipped="0" hostname="san3149591" name="com.ParametersBrowsers.OpenBrowsers" tests="1" failures="0" timestamp="15 Nov 2019 04:46:02 GMT" time="0.010" errors="0">
  <testcase name="openBrowsers" time="0.010" classname="com.ParametersBrowsers.OpenBrowsers"/>
</testsuite> <!-- com.ParametersBrowsers.OpenBrowsers -->
