<?xml version="1.0" encoding="UTF-8"?>
<!-- Generated by org.testng.reporters.JUnitReportReporter -->
<testsuite skipped="0" hostname="san3149591" name="com.docker.SeleniumGrid.TestApp" tests="1" failures="0" timestamp="18 Nov 2019 15:19:02 GMT" time="14.854" errors="0">
  <testcase name="Testcase" time="14.854" classname="com.docker.SeleniumGrid.TestApp"/>
</testsuite> <!-- com.docker.SeleniumGrid.TestApp -->
