<?xml version="1.0" encoding="UTF-8"?>
<!-- Generated by org.testng.reporters.JUnitReportReporter -->
<testsuite skipped="0" hostname="san3149591" name="com.ninetex.TestDriverManager" tests="1" failures="0" timestamp="21 Nov 2019 09:28:30 GMT" time="49.487" errors="0">
  <testcase name="test" time="49.487" classname="com.ninetex.TestDriverManager"/>
</testsuite> <!-- com.ninetex.TestDriverManager -->
