<?xml version="1.0" encoding="UTF-8"?>
<!-- Generated by org.testng.reporters.JUnitReportReporter -->
<testsuite skipped="1" hostname="san3149591" name="DriverManager.TestDriverManager" tests="2" failures="0" timestamp="23 Sep 2019 10:48:40 GMT" time="5.359" errors="1">
  <testcase name="test" time="0.000" classname="DriverManager.TestDriverManager">
    <skipped/>
  </testcase> <!-- test -->
  <testcase name="setupClass" time="5.359" classname="DriverManager.TestDriverManager">
    <error type="io.github.bonigarcia.wdm.WebDriverManagerException" message="io.github.bonigarcia.wdm.WebDriverManagerException: MicrosoftWebDriver.exe should be pre-installed in an elevated command prompt executing: dism /Online /Add-Capability /CapabilityName:Microsoft.WebDriver~~~~0.0.1.0">
      <![CDATA[io.github.bonigarcia.wdm.WebDriverManagerException: io.github.bonigarcia.wdm.WebDriverManagerException: MicrosoftWebDriver.exe should be pre-installed in an elevated command prompt executing: dism /Online /Add-Capability /CapabilityName:Microsoft.WebDriver~~~~0.0.1.0
at io.github.bonigarcia.wdm.WebDriverManager.handleException(WebDriverManager.java:754)
at io.github.bonigarcia.wdm.WebDriverManager.manage(WebDriverManager.java:563)
at io.github.bonigarcia.wdm.WebDriverManager.setup(WebDriverManager.java:260)
at DriverManager.TestDriverManager.setupClass(TestDriverManager.java:23)
at sun.reflect.NativeMethodAccessorImpl.invoke0(Native Method)
at sun.reflect.NativeMethodAccessorImpl.invoke(NativeMethodAccessorImpl.java:62)
at sun.reflect.DelegatingMethodAccessorImpl.invoke(DelegatingMethodAccessorImpl.java:43)
at java.lang.reflect.Method.invoke(Method.java:498)
at org.testng.internal.MethodInvocationHelper.invokeMethod(MethodInvocationHelper.java:124)
at org.testng.internal.MethodInvocationHelper.invokeMethodConsideringTimeout(MethodInvocationHelper.java:59)
at org.testng.internal.Invoker.invokeConfigurationMethod(Invoker.java:458)
at org.testng.internal.Invoker.invokeConfigurations(Invoker.java:222)
at org.testng.internal.Invoker.invokeConfigurations(Invoker.java:142)
at org.testng.TestRunner.beforeRun(TestRunner.java:529)
at org.testng.TestRunner.run(TestRunner.java:497)
at org.testng.SuiteRunner.runTest(SuiteRunner.java:455)
at org.testng.SuiteRunner.runSequentially(SuiteRunner.java:450)
at org.testng.SuiteRunner.privateRun(SuiteRunner.java:415)
at org.testng.SuiteRunner.run(SuiteRunner.java:364)
at org.testng.SuiteRunnerWorker.runSuite(SuiteRunnerWorker.java:52)
at org.testng.SuiteRunnerWorker.run(SuiteRunnerWorker.java:84)
at org.testng.TestNG.runSuitesSequentially(TestNG.java:1208)
at org.testng.TestNG.runSuitesLocally(TestNG.java:1137)
at org.testng.TestNG.runSuites(TestNG.java:1049)
at org.testng.TestNG.run(TestNG.java:1017)
at org.testng.remote.AbstractRemoteTestNG.run(AbstractRemoteTestNG.java:114)
at org.testng.remote.RemoteTestNG.initAndRun(RemoteTestNG.java:251)
at org.testng.remote.RemoteTestNG.main(RemoteTestNG.java:77)
Caused by: io.github.bonigarcia.wdm.WebDriverManagerException: MicrosoftWebDriver.exe should be pre-installed in an elevated command prompt executing: dism /Online /Add-Capability /CapabilityName:Microsoft.WebDriver~~~~0.0.1.0
at io.github.bonigarcia.wdm.WebDriverManager.checkPreInstalledVersion(WebDriverManager.java:634)
at io.github.bonigarcia.wdm.WebDriverManager.manage(WebDriverManager.java:523)
... 26 more
]]>
    </error>
  </testcase> <!-- setupClass -->
</testsuite> <!-- DriverManager.TestDriverManager -->
