<?xml version="1.0" encoding="UTF-8"?>
<!-- Generated by org.testng.reporters.JUnitReportReporter -->
<testsuite skipped="0" hostname="san3149591" name="com.ninetex.TestDriverManager3" tests="1" failures="0" timestamp="22 Nov 2019 06:17:14 GMT" time="25.096" errors="0">
  <testcase name="test" time="25.096" classname="com.ninetex.TestDriverManager3"/>
</testsuite> <!-- com.ninetex.TestDriverManager3 -->
