<?xml version="1.0" encoding="UTF-8"?>
<!-- Generated by org.testng.reporters.JUnitReportReporter -->
<testsuite skipped="0" hostname="san3149591" name="com.docker.SeleniumGrid.FireFoxTest" tests="1" failures="0" timestamp="22 Nov 2019 06:31:17 GMT" time="15.733" errors="0">
  <testcase name="Testcase" time="15.733" classname="com.docker.SeleniumGrid.FireFoxTest"/>
</testsuite> <!-- com.docker.SeleniumGrid.FireFoxTest -->
