<?xml version="1.0" encoding="UTF-8"?>
<!-- Generated by org.testng.reporters.JUnitReportReporter -->
<testsuite skipped="0" hostname="san3149591" name="com.ninetex.TestDriverManager2" tests="1" failures="0" timestamp="22 Nov 2019 04:00:11 GMT" time="15.293" errors="0">
  <testcase name="test" time="15.293" classname="com.ninetex.TestDriverManager2"/>
</testsuite> <!-- com.ninetex.TestDriverManager2 -->
