<?xml version="1.0" encoding="UTF-8"?>
<!-- Generated by org.testng.reporters.JUnitReportReporter -->
<testsuite hostname="san3149591" name="com.openBrowser.FireFoxBrowser" tests="1" failures="0" timestamp="15 Sep 2019 10:11:14 GMT" time="20.436" errors="0">
  <testcase name="openFireFox" time="20.436" classname="com.openBrowser.FireFoxBrowser"/>
</testsuite> <!-- com.openBrowser.FireFoxBrowser -->
