<?xml version="1.0" encoding="UTF-8"?>
<!-- Generated by org.testng.reporters.JUnitReportReporter -->
<testsuite skipped="0" hostname="san3149591" name="com.docker.SeleniumGrid.ChromeTest" tests="1" failures="0" timestamp="22 Nov 2019 06:30:10 GMT" time="10.839" errors="0">
  <testcase name="Testcase" time="10.839" classname="com.docker.SeleniumGrid.ChromeTest"/>
</testsuite> <!-- com.docker.SeleniumGrid.ChromeTest -->
