<?xml version="1.0" encoding="UTF-8"?>
<!-- Generated by org.testng.reporters.JUnitReportReporter -->
<testsuite skipped="0" hostname="san3149591" name="com.openBrowser.ChromeBrowser" tests="1" failures="0" timestamp="26 Sep 2019 11:31:50 GMT" time="13.867" errors="0">
  <testcase name="openChromeBrowser" time="13.867" classname="com.openBrowser.ChromeBrowser"/>
</testsuite> <!-- com.openBrowser.ChromeBrowser -->
